#
# There is insufficient memory for the Java Runtime Environment to continue.
# Native memory allocation (malloc) failed to allocate 1048576 bytes for AllocateHeap
# Possible reasons:
#   The system is out of physical RAM or swap space
#   The process is running with CompressedOops enabled, and the Java Heap may be blocking the growth of the native heap
# Possible solutions:
#   Reduce memory load on the system
#   Increase physical memory or swap space
#   Check if swap backing store is full
#   Decrease Java heap size (-Xmx/-Xms)
#   Decrease number of Java threads
#   Decrease Java thread stack sizes (-Xss)
#   Set larger code cache with -XX:ReservedCodeCacheSize=
#   JVM is running with Zero Based Compressed Oops mode in which the Java heap is
#     placed in the first 32GB address space. The Java Heap base address is the
#     maximum limit for the native heap growth. Please use -XX:HeapBaseMinAddress
#     to set the Java Heap base and to place the Java Heap above 32GB virtual address.
# This output file may be truncated or incomplete.
#
#  Out of Memory Error (memory/allocation.inline.hpp:61), pid=22240, tid=0x00000000000056ac
#
# JRE version:  (8.0_281-b09) (build )
# Java VM: Java HotSpot(TM) 64-Bit Server VM (25.281-b09 mixed mode windows-amd64 compressed oops)
# Failed to write core dump. Minidumps are not enabled by default on client versions of Windows
#

---------------  T H R E A D  ---------------

Current thread (0x000001e4b31f2000):  JavaThread "Unknown thread" [_thread_in_vm, id=22188, stack(0x0000005c05c00000,0x0000005c05d00000)]

Stack: [0x0000005c05c00000,0x0000005c05d00000]
Native frames: (J=compiled Java code, j=interpreted, Vv=VM code, C=native code)
V  [jvm.dll+0x32e5b9]
V  [jvm.dll+0x275012]
V  [jvm.dll+0x275cbd]
V  [jvm.dll+0x26c6f5]
V  [jvm.dll+0x509d]
V  [jvm.dll+0x3c8d4d]
V  [jvm.dll+0x3c9aca]
V  [jvm.dll+0x3c5a67]
V  [jvm.dll+0xfcaaf]
V  [jvm.dll+0x209a1b]
V  [jvm.dll+0x2383d7]
V  [jvm.dll+0x162566]
C  [javaw.exe+0x2322]
C  [javaw.exe+0x16544]
C  [KERNEL32.DLL+0x17034]
C  [ntdll.dll+0x52651]


---------------  P R O C E S S  ---------------

Java Threads: ( => current thread )

Other Threads:

=>0x000001e4b31f2000 (exited) JavaThread "Unknown thread" [_thread_in_vm, id=22188, stack(0x0000005c05c00000,0x0000005c05d00000)]

VM state:not at safepoint (normal execution)

VM Mutex/Monitor currently owned by a thread: None

heap address: 0x00000006c1200000, size: 4078 MB, Compressed Oops mode: Zero based, Oop shift amount: 3
Narrow klass base: 0x0000000000000000, Narrow klass shift: 3
Compressed class space size: 1073741824 Address: 0x00000007c0000000

Heap:
 PSYoungGen      total 76288K, used 1310K [0x000000076b100000, 0x0000000770600000, 0x00000007c0000000)
  eden space 65536K, 2% used [0x000000076b100000,0x000000076b247af0,0x000000076f100000)
  from space 10752K, 0% used [0x000000076fb80000,0x000000076fb80000,0x0000000770600000)
  to   space 10752K, 0% used [0x000000076f100000,0x000000076f100000,0x000000076fb80000)
 ParOldGen       total 175104K, used 0K [0x00000006c1200000, 0x00000006cbd00000, 0x000000076b100000)
  object space 175104K, 0% used [0x00000006c1200000,0x00000006c1200000,0x00000006cbd00000)
 Metaspace       used 753K, capacity 4480K, committed 4480K, reserved 1056768K
  class space    used 76K, capacity 384K, committed 384K, reserved 1048576K

Card table byte_map: [0x000001e4c40e0000,0x000001e4c48e0000] byte_map_base: 0x000001e4c0ad7000

Marking Bits: (ParMarkBitMap*) 0x000000006d926ff0
 Begin Bits: [0x000001e4c4e30000, 0x000001e4c8de8000)
 End Bits:   [0x000001e4c8de8000, 0x000001e4ccda0000)

Polling page: 0x000001e4b34b0000

CodeCache: size=245760Kb used=327Kb max_used=327Kb free=245432Kb
 bounds [0x000001e4b4d20000, 0x000001e4b4f90000, 0x000001e4c3d20000]
 total_blobs=57 nmethods=0 adapters=38
 compilation: enabled

Compilation events (0 events):
No events

GC Heap History (0 events):
No events

Deoptimization events (0 events):
No events

Classes redefined (0 events):
No events

Internal exceptions (0 events):
No events

Events (10 events):
Event: 0.012 loading class java/lang/Short
Event: 0.012 loading class java/lang/Short done
Event: 0.012 loading class java/lang/Integer
Event: 0.012 loading class java/lang/Integer done
Event: 0.012 loading class java/lang/Long
Event: 0.012 loading class java/lang/Long done
Event: 0.012 loading class java/lang/NullPointerException
Event: 0.012 loading class java/lang/NullPointerException done
Event: 0.012 loading class java/lang/ArithmeticException
Event: 0.012 loading class java/lang/ArithmeticException done


Dynamic libraries:
0x00007ff615490000 - 0x00007ff6154d7000 	C:\Program Files\Java\jre1.8.0_281\bin\javaw.exe
0x00007fff3d870000 - 0x00007fff3da65000 	C:\WINDOWS\SYSTEM32\ntdll.dll
0x00007fff3cf70000 - 0x00007fff3d02d000 	C:\WINDOWS\System32\KERNEL32.DLL
0x00007fff3b300000 - 0x00007fff3b5c8000 	C:\WINDOWS\System32\KERNELBASE.dll
0x00007fff3bde0000 - 0x00007fff3be8c000 	C:\WINDOWS\System32\ADVAPI32.dll
0x00007fff3b930000 - 0x00007fff3b9ce000 	C:\WINDOWS\System32\msvcrt.dll
0x00007fff3d720000 - 0x00007fff3d7bb000 	C:\WINDOWS\System32\sechost.dll
0x00007fff3ce40000 - 0x00007fff3cf6b000 	C:\WINDOWS\System32\RPCRT4.dll
0x00007fff3bef0000 - 0x00007fff3c090000 	C:\WINDOWS\System32\USER32.dll
0x00007fff3b170000 - 0x00007fff3b192000 	C:\WINDOWS\System32\win32u.dll
0x00007fff3c640000 - 0x00007fff3c66a000 	C:\WINDOWS\System32\GDI32.dll
0x00007fff3afb0000 - 0x00007fff3b0bb000 	C:\WINDOWS\System32\gdi32full.dll
0x00007fff3b7b0000 - 0x00007fff3b84d000 	C:\WINDOWS\System32\msvcp_win.dll
0x00007fff3b6b0000 - 0x00007fff3b7b0000 	C:\WINDOWS\System32\ucrtbase.dll
0x00007fff1f860000 - 0x00007fff1fafa000 	C:\WINDOWS\WinSxS\amd64_microsoft.windows.common-controls_6595b64144ccf1df_6.0.19041.844_none_ca00b6081b84eb1d\COMCTL32.dll
0x00007fff3c090000 - 0x00007fff3c0c0000 	C:\WINDOWS\System32\IMM32.DLL
0x00007fff33d10000 - 0x00007fff33d25000 	C:\Program Files\Java\jre1.8.0_281\bin\vcruntime140.dll
0x00007fff213e0000 - 0x00007fff2147b000 	C:\Program Files\Java\jre1.8.0_281\bin\msvcp140.dll
0x000000006d140000 - 0x000000006d99f000 	C:\Program Files\Java\jre1.8.0_281\bin\server\jvm.dll
0x00007fff3d4a0000 - 0x00007fff3d4a8000 	C:\WINDOWS\System32\PSAPI.DLL
0x00007fff252e0000 - 0x00007fff252e9000 	C:\WINDOWS\SYSTEM32\WSOCK32.dll
0x00007fff2c540000 - 0x00007fff2c567000 	C:\WINDOWS\SYSTEM32\WINMM.dll
0x00007fff35670000 - 0x00007fff3567a000 	C:\WINDOWS\SYSTEM32\VERSION.dll
0x00007fff3d7c0000 - 0x00007fff3d82b000 	C:\WINDOWS\System32\WS2_32.dll
0x00007fff38e30000 - 0x00007fff38e42000 	C:\WINDOWS\SYSTEM32\kernel.appcore.dll
0x00007fff32390000 - 0x00007fff323a0000 	C:\Program Files\Java\jre1.8.0_281\bin\verify.dll
0x00007fff22400000 - 0x00007fff2242b000 	C:\Program Files\Java\jre1.8.0_281\bin\java.dll
0x00007fff32340000 - 0x00007fff32358000 	C:\Program Files\Java\jre1.8.0_281\bin\zip.dll
0x00007fff27a30000 - 0x00007fff27c14000 	C:\WINDOWS\SYSTEM32\dbghelp.dll
0x00007fff3b850000 - 0x00007fff3b8d0000 	C:\WINDOWS\System32\bcryptPrimitives.dll

VM Arguments:
jvm_args: -Dfile.encoding=Cp1252 
java_command: com.test.project.Control
java_class_path (initial): U:\workspace\JavaSearchEngineProject\bin
Launcher Type: SUN_STANDARD

Environment Variables:
PATH=C:/Program Files/Java/jre1.8.0_281/bin/server;C:/Program Files/Java/jre1.8.0_281/bin;C:/Program Files/Java/jre1.8.0_281/lib/amd64;C:\oraclexe\app\oracle\product\11.2.0\server\bin;C:\Program Files (x86)\Common Files\Oracle\Java\javapath;C:\ProgramData\Oracle\Java\javapath;C:\WINDOWS\system32;C:\WINDOWS;C:\WINDOWS\System32\Wbem;C:\WINDOWS\System32\WindowsPowerShell\v1.0\;C:\Program Files (x86)\ATI Technologies\ATI.ACE\Core-Static;D:\Gpu driver\ATI.ACE\Core-Static;C:\Program Files (x86)\AMD\ATI.ACE\Core-Static;C:\Android;C:\Windows\System32;C:\Program Files (x86)\NVIDIA Corporation\PhysX\Common;C:\WINDOWS\System32\OpenSSH\;C:\PROGRA~2\PICC;C:\MinGW\bin;C:\Program Files\NVIDIA Corporation\NVIDIA NvDLISR;C:\Program Files\dotnet\;C:\Program Files\Git\cmd;C:\WINDOWS\system32;C:\WINDOWS;C:\WINDOWS\System32\Wbem;C:\WINDOWS\System32\WindowsPowerShell\v1.0\;C:\WINDOWS\System32\OpenSSH\;C:\Users\josh\AppData\Local\Microsoft\WindowsApps;C:\Users\josh\AppData\Local\atom\bin;%USERPROFILE%\AppData\Local\Microsoft\WindowsApps;;U:\eclipse-java-kepler-SR1-win32-x86_64\eclipse;
USERNAME=josh
OS=Windows_NT
PROCESSOR_IDENTIFIER=AMD64 Family 25 Model 33 Stepping 0, AuthenticAMD



---------------  S Y S T E M  ---------------

OS: Windows 10.0 , 64 bit Build 19041 (10.0.19041.928)

CPU:total 12 (initial active 12) (12 cores per cpu, 1 threads per core) family 25 model 33 stepping 0, cmov, cx8, fxsr, mmx, sse, sse2, sse3, ssse3, sse4.1, sse4.2, popcnt, avx, avx2, aes, clmul, erms, mmxext, 3dnowpref, lzcnt, sse4a, tsc, tscinvbit, tscinv, bmi1

Memory: 4k page, physical 16702268k(9405412k free), swap 31040952k(5136k free)

vm_info: Java HotSpot(TM) 64-Bit Server VM (25.281-b09) for windows-amd64 JRE (1.8.0_281-b09), built on Dec  9 2020 13:54:07 by "" with MS VC++ 15.9 (VS2017)

time: Sun Apr 18 22:04:43 2021
timezone: GMT Daylight Time
elapsed time: 0.019637 seconds (0d 0h 0m 0s)

